0 verbose cli /usr/bin/node /usr/bin/npm
1 info using npm@10.8.2
2 info using node@v20.19.6
3 silly config load:file:/usr/lib/node_modules/npm/npmrc
4 silly config load:file:/workspace/anime-api/.npmrc
5 silly config load:file:/home/minimax/.npmrc
6 silly config load:file:/workspace/anime-api/etc/npmrc
7 verbose title npm install express axios cheerio
8 verbose argv "install" "express" "axios" "cheerio" "--prefix" "/workspace/anime-api" "--cache" "/workspace/anime-api/.npm-cache"
9 verbose logfile logs-max:10 dir:/workspace/anime-api/.npm-cache/_logs/2025-12-30T17_02_49_175Z-
10 verbose logfile /workspace/anime-api/.npm-cache/_logs/2025-12-30T17_02_49_175Z-debug-0.log
11 silly packumentCache heap:2197815296 maxSize:549453824 maxEntrySize:274726912
12 silly logfile done cleaning log files
13 silly idealTree buildDeps
14 silly fetch manifest axios@^1.13.2
15 silly packumentCache full:https://registry.npmjs.org/axios cache-miss
16 http fetch GET 200 https://registry.npmjs.org/axios 233ms (cache miss)
17 silly packumentCache full:https://registry.npmjs.org/axios set size:undefined disposed:false
18 silly fetch manifest cheerio@^1.1.2
19 silly packumentCache full:https://registry.npmjs.org/cheerio cache-miss
20 http fetch GET 200 https://registry.npmjs.org/cheerio 81ms (cache miss)
21 silly packumentCache full:https://registry.npmjs.org/cheerio set size:undefined disposed:false
22 silly fetch manifest express@^4.22.1
23 silly packumentCache full:https://registry.npmjs.org/express cache-miss
24 http fetch GET 200 https://registry.npmjs.org/express 94ms (cache miss)
25 silly packumentCache full:https://registry.npmjs.org/express set size:undefined disposed:false
26 silly placeDep ROOT axios@1.13.2 REPLACE for: anime-salt-api@1.0.0 want: ^1.13.2
27 silly placeDep ROOT cheerio@1.1.2 REPLACE for: anime-salt-api@1.0.0 want: ^1.1.2
28 silly placeDep ROOT express@4.22.1 REPLACE for: anime-salt-api@1.0.0 want: ^4.22.1
29 silly reify moves {}
30 silly audit bulk request {
30 silly audit   accepts: [ '1.3.8' ],
30 silly audit   'array-flatten': [ '1.1.1' ],
30 silly audit   asynckit: [ '0.4.0' ],
30 silly audit   'body-parser': [ '1.20.4' ],
30 silly audit   'iconv-lite': [ '0.4.24', '0.6.3' ],
30 silly audit   boolbase: [ '1.0.0' ],
30 silly audit   bytes: [ '3.1.2' ],
30 silly audit   'call-bind-apply-helpers': [ '1.0.2' ],
30 silly audit   'call-bound': [ '1.0.4' ],
30 silly audit   'cheerio-select': [ '2.1.0' ],
30 silly audit   'combined-stream': [ '1.0.8' ],
30 silly audit   'content-disposition': [ '0.5.4' ],
30 silly audit   'content-type': [ '1.0.5' ],
30 silly audit   cookie: [ '0.7.2' ],
30 silly audit   'cookie-signature': [ '1.0.7' ],
30 silly audit   cors: [ '2.8.5' ],
30 silly audit   'css-select': [ '5.2.2' ],
30 silly audit   'css-what': [ '6.2.2' ],
30 silly audit   debug: [ '2.6.9' ],
30 silly audit   'delayed-stream': [ '1.0.0' ],
30 silly audit   depd: [ '2.0.0' ],
30 silly audit   destroy: [ '1.2.0' ],
30 silly audit   'dom-serializer': [ '2.0.0' ],
30 silly audit   domelementtype: [ '2.3.0' ],
30 silly audit   domhandler: [ '5.0.3' ],
30 silly audit   domutils: [ '3.2.2' ],
30 silly audit   'dunder-proto': [ '1.0.1' ],
30 silly audit   'ee-first': [ '1.1.1' ],
30 silly audit   encodeurl: [ '2.0.0' ],
30 silly audit   'encoding-sniffer': [ '0.2.1' ],
30 silly audit   entities: [ '4.5.0', '6.0.1' ],
30 silly audit   'es-define-property': [ '1.0.1' ],
30 silly audit   'es-errors': [ '1.3.0' ],
30 silly audit   'es-object-atoms': [ '1.1.1' ],
30 silly audit   'es-set-tostringtag': [ '2.1.0' ],
30 silly audit   'escape-html': [ '1.0.3' ],
30 silly audit   etag: [ '1.8.1' ],
30 silly audit   finalhandler: [ '1.3.2' ],
30 silly audit   'follow-redirects': [ '1.15.11' ],
30 silly audit   'form-data': [ '4.0.5' ],
30 silly audit   forwarded: [ '0.2.0' ],
30 silly audit   fresh: [ '0.5.2' ],
30 silly audit   'function-bind': [ '1.1.2' ],
30 silly audit   'get-intrinsic': [ '1.3.0' ],
30 silly audit   'get-proto': [ '1.0.1' ],
30 silly audit   gopd: [ '1.2.0' ],
30 silly audit   'has-symbols': [ '1.1.0' ],
30 silly audit   'has-tostringtag': [ '1.0.2' ],
30 silly audit   hasown: [ '2.0.2' ],
30 silly audit   htmlparser2: [ '10.0.0' ],
30 silly audit   'http-errors': [ '2.0.1' ],
30 silly audit   inherits: [ '2.0.4' ],
30 silly audit   'ipaddr.js': [ '1.9.1' ],
30 silly audit   'math-intrinsics': [ '1.1.0' ],
30 silly audit   'media-typer': [ '0.3.0' ],
30 silly audit   'merge-descriptors': [ '1.0.3' ],
30 silly audit   methods: [ '1.1.2' ],
30 silly audit   mime: [ '1.6.0' ],
30 silly audit   'mime-db': [ '1.52.0' ],
30 silly audit   'mime-types': [ '2.1.35' ],
30 silly audit   ms: [ '2.0.0', '2.1.3' ],
30 silly audit   negotiator: [ '0.6.3' ],
30 silly audit   'nth-check': [ '2.1.1' ],
30 silly audit   'object-assign': [ '4.1.1' ],
30 silly audit   'object-inspect': [ '1.13.4' ],
30 silly audit   'on-finished': [ '2.4.1' ],
30 silly audit   parse5: [ '7.3.0' ],
30 silly audit   'parse5-htmlparser2-tree-adapter': [ '7.1.0' ],
30 silly audit   'parse5-parser-stream': [ '7.1.2' ],
30 silly audit   parseurl: [ '1.3.3' ],
30 silly audit   'path-to-regexp': [ '0.1.12' ],
30 silly audit   'proxy-addr': [ '2.0.7' ],
30 silly audit   'proxy-from-env': [ '1.1.0' ],
30 silly audit   qs: [ '6.14.0' ],
30 silly audit   'range-parser': [ '1.2.1' ],
30 silly audit   'raw-body': [ '2.5.3' ],
30 silly audit   'safe-buffer': [ '5.2.1' ],
30 silly audit   'safer-buffer': [ '2.1.2' ],
30 silly audit   send: [ '0.19.2' ],
30 silly audit   'serve-static': [ '1.16.3' ],
30 silly audit   setprototypeof: [ '1.2.0' ],
30 silly audit   'side-channel': [ '1.1.0' ],
30 silly audit   'side-channel-list': [ '1.0.0' ],
30 silly audit   'side-channel-map': [ '1.0.1' ],
30 silly audit   'side-channel-weakmap': [ '1.0.2' ],
30 silly audit   statuses: [ '2.0.2' ],
30 silly audit   toidentifier: [ '1.0.1' ],
30 silly audit   'type-is': [ '1.6.18' ],
30 silly audit   undici: [ '7.16.0' ],
30 silly audit   unpipe: [ '1.0.0' ],
30 silly audit   'utils-merge': [ '1.0.1' ],
30 silly audit   vary: [ '1.1.2' ],
30 silly audit   'whatwg-encoding': [ '3.1.1' ],
30 silly audit   'whatwg-mimetype': [ '4.0.0' ],
30 silly audit   axios: [ '1.13.2' ],
30 silly audit   cheerio: [ '1.1.2' ],
30 silly audit   express: [ '4.22.1' ]
30 silly audit }
31 silly tarball no local data for express@https://registry.npmjs.org/express/-/express-4.22.1.tgz. Extracting by manifest.
32 silly tarball no local data for cheerio@https://registry.npmjs.org/cheerio/-/cheerio-1.1.2.tgz. Extracting by manifest.
33 silly tarball no local data for whatwg-mimetype@https://registry.npmjs.org/whatwg-mimetype/-/whatwg-mimetype-4.0.0.tgz. Extracting by manifest.
34 silly tarball no local data for axios@https://registry.npmjs.org/axios/-/axios-1.13.2.tgz. Extracting by manifest.
35 silly tarball no local data for whatwg-encoding@https://registry.npmjs.org/whatwg-encoding/-/whatwg-encoding-3.1.1.tgz. Extracting by manifest.
36 silly tarball no local data for vary@https://registry.npmjs.org/vary/-/vary-1.1.2.tgz. Extracting by manifest.
37 silly tarball no local data for utils-merge@https://registry.npmjs.org/utils-merge/-/utils-merge-1.0.1.tgz. Extracting by manifest.
38 silly tarball no local data for unpipe@https://registry.npmjs.org/unpipe/-/unpipe-1.0.0.tgz. Extracting by manifest.
39 silly tarball no local data for toidentifier@https://registry.npmjs.org/toidentifier/-/toidentifier-1.0.1.tgz. Extracting by manifest.
40 silly tarball no local data for undici@https://registry.npmjs.org/undici/-/undici-7.16.0.tgz. Extracting by manifest.
41 silly tarball no local data for type-is@https://registry.npmjs.org/type-is/-/type-is-1.6.18.tgz. Extracting by manifest.
42 silly tarball no local data for side-channel-map@https://registry.npmjs.org/side-channel-map/-/side-channel-map-1.0.1.tgz. Extracting by manifest.
43 silly tarball no local data for statuses@https://registry.npmjs.org/statuses/-/statuses-2.0.2.tgz. Extracting by manifest.
44 silly tarball no local data for send@https://registry.npmjs.org/send/-/send-0.19.2.tgz. Extracting by manifest.
45 silly tarball no local data for side-channel-weakmap@https://registry.npmjs.org/side-channel-weakmap/-/side-channel-weakmap-1.0.2.tgz. Extracting by manifest.
46 silly tarball no local data for side-channel@https://registry.npmjs.org/side-channel/-/side-channel-1.1.0.tgz. Extracting by manifest.
47 silly tarball no local data for side-channel-list@https://registry.npmjs.org/side-channel-list/-/side-channel-list-1.0.0.tgz. Extracting by manifest.
48 silly tarball no local data for setprototypeof@https://registry.npmjs.org/setprototypeof/-/setprototypeof-1.2.0.tgz. Extracting by manifest.
49 silly tarball no local data for serve-static@https://registry.npmjs.org/serve-static/-/serve-static-1.16.3.tgz. Extracting by manifest.
50 silly tarball no local data for raw-body@https://registry.npmjs.org/raw-body/-/raw-body-2.5.3.tgz. Extracting by manifest.
51 silly tarball no local data for safer-buffer@https://registry.npmjs.org/safer-buffer/-/safer-buffer-2.1.2.tgz. Extracting by manifest.
52 silly tarball no local data for qs@https://registry.npmjs.org/qs/-/qs-6.14.0.tgz. Extracting by manifest.
53 silly tarball no local data for range-parser@https://registry.npmjs.org/range-parser/-/range-parser-1.2.1.tgz. Extracting by manifest.
54 silly tarball no local data for safe-buffer@https://registry.npmjs.org/safe-buffer/-/safe-buffer-5.2.1.tgz. Extracting by manifest.
55 silly tarball no local data for parse5-htmlparser2-tree-adapter@https://registry.npmjs.org/parse5-htmlparser2-tree-adapter/-/parse5-htmlparser2-tree-adapter-7.1.0.tgz. Extracting by manifest.
56 silly tarball no local data for proxy-from-env@https://registry.npmjs.org/proxy-from-env/-/proxy-from-env-1.1.0.tgz. Extracting by manifest.
57 silly tarball no local data for proxy-addr@https://registry.npmjs.org/proxy-addr/-/proxy-addr-2.0.7.tgz. Extracting by manifest.
58 silly tarball no local data for parse5-parser-stream@https://registry.npmjs.org/parse5-parser-stream/-/parse5-parser-stream-7.1.2.tgz. Extracting by manifest.
59 silly tarball no local data for nth-check@https://registry.npmjs.org/nth-check/-/nth-check-2.1.1.tgz. Extracting by manifest.
60 silly tarball no local data for object-inspect@https://registry.npmjs.org/object-inspect/-/object-inspect-1.13.4.tgz. Extracting by manifest.
61 silly tarball no local data for object-assign@https://registry.npmjs.org/object-assign/-/object-assign-4.1.1.tgz. Extracting by manifest.
62 silly tarball no local data for path-to-regexp@https://registry.npmjs.org/path-to-regexp/-/path-to-regexp-0.1.12.tgz. Extracting by manifest.
63 silly tarball no local data for on-finished@https://registry.npmjs.org/on-finished/-/on-finished-2.4.1.tgz. Extracting by manifest.
64 silly tarball no local data for parseurl@https://registry.npmjs.org/parseurl/-/parseurl-1.3.3.tgz. Extracting by manifest.
65 silly tarball no local data for ms@https://registry.npmjs.org/ms/-/ms-2.0.0.tgz. Extracting by manifest.
66 silly tarball no local data for negotiator@https://registry.npmjs.org/negotiator/-/negotiator-0.6.3.tgz. Extracting by manifest.
67 silly tarball no local data for mime@https://registry.npmjs.org/mime/-/mime-1.6.0.tgz. Extracting by manifest.
68 silly tarball no local data for parse5@https://registry.npmjs.org/parse5/-/parse5-7.3.0.tgz. Extracting by manifest.
69 silly tarball no local data for mime-types@https://registry.npmjs.org/mime-types/-/mime-types-2.1.35.tgz. Extracting by manifest.
70 silly tarball no local data for mime-db@https://registry.npmjs.org/mime-db/-/mime-db-1.52.0.tgz. Extracting by manifest.
71 silly tarball no local data for methods@https://registry.npmjs.org/methods/-/methods-1.1.2.tgz. Extracting by manifest.
72 silly tarball no local data for media-typer@https://registry.npmjs.org/media-typer/-/media-typer-0.3.0.tgz. Extracting by manifest.
73 silly tarball no local data for merge-descriptors@https://registry.npmjs.org/merge-descriptors/-/merge-descriptors-1.0.3.tgz. Extracting by manifest.
74 silly tarball no local data for ipaddr.js@https://registry.npmjs.org/ipaddr.js/-/ipaddr.js-1.9.1.tgz. Extracting by manifest.
75 silly tarball no local data for math-intrinsics@https://registry.npmjs.org/math-intrinsics/-/math-intrinsics-1.1.0.tgz. Extracting by manifest.
76 silly tarball no local data for inherits@https://registry.npmjs.org/inherits/-/inherits-2.0.4.tgz. Extracting by manifest.
77 silly tarball no local data for iconv-lite@https://registry.npmjs.org/iconv-lite/-/iconv-lite-0.6.3.tgz. Extracting by manifest.
78 silly tarball no local data for hasown@https://registry.npmjs.org/hasown/-/hasown-2.0.2.tgz. Extracting by manifest.
79 silly tarball no local data for http-errors@https://registry.npmjs.org/http-errors/-/http-errors-2.0.1.tgz. Extracting by manifest.
80 silly tarball no local data for htmlparser2@https://registry.npmjs.org/htmlparser2/-/htmlparser2-10.0.0.tgz. Extracting by manifest.
81 silly tarball no local data for has-tostringtag@https://registry.npmjs.org/has-tostringtag/-/has-tostringtag-1.0.2.tgz. Extracting by manifest.
82 silly tarball no local data for gopd@https://registry.npmjs.org/gopd/-/gopd-1.2.0.tgz. Extracting by manifest.
83 silly tarball no local data for get-intrinsic@https://registry.npmjs.org/get-intrinsic/-/get-intrinsic-1.3.0.tgz. Extracting by manifest.
84 silly tarball no local data for has-symbols@https://registry.npmjs.org/has-symbols/-/has-symbols-1.1.0.tgz. Extracting by manifest.
85 silly tarball no local data for get-proto@https://registry.npmjs.org/get-proto/-/get-proto-1.0.1.tgz. Extracting by manifest.
86 silly tarball no local data for function-bind@https://registry.npmjs.org/function-bind/-/function-bind-1.1.2.tgz. Extracting by manifest.
87 silly tarball no local data for fresh@https://registry.npmjs.org/fresh/-/fresh-0.5.2.tgz. Extracting by manifest.
88 silly tarball no local data for forwarded@https://registry.npmjs.org/forwarded/-/forwarded-0.2.0.tgz. Extracting by manifest.
89 silly tarball no local data for es-object-atoms@https://registry.npmjs.org/es-object-atoms/-/es-object-atoms-1.1.1.tgz. Extracting by manifest.
90 silly tarball no local data for form-data@https://registry.npmjs.org/form-data/-/form-data-4.0.5.tgz. Extracting by manifest.
91 silly tarball no local data for escape-html@https://registry.npmjs.org/escape-html/-/escape-html-1.0.3.tgz. Extracting by manifest.
92 silly tarball no local data for es-errors@https://registry.npmjs.org/es-errors/-/es-errors-1.3.0.tgz. Extracting by manifest.
93 silly tarball no local data for follow-redirects@https://registry.npmjs.org/follow-redirects/-/follow-redirects-1.15.11.tgz. Extracting by manifest.
94 silly tarball no local data for finalhandler@https://registry.npmjs.org/finalhandler/-/finalhandler-1.3.2.tgz. Extracting by manifest.
95 silly tarball no local data for etag@https://registry.npmjs.org/etag/-/etag-1.8.1.tgz. Extracting by manifest.
96 silly tarball no local data for es-set-tostringtag@https://registry.npmjs.org/es-set-tostringtag/-/es-set-tostringtag-2.1.0.tgz. Extracting by manifest.
97 silly tarball no local data for es-define-property@https://registry.npmjs.org/es-define-property/-/es-define-property-1.0.1.tgz. Extracting by manifest.
98 silly tarball no local data for encodeurl@https://registry.npmjs.org/encodeurl/-/encodeurl-2.0.0.tgz. Extracting by manifest.
99 silly tarball no local data for domutils@https://registry.npmjs.org/domutils/-/domutils-3.2.2.tgz. Extracting by manifest.
100 silly tarball no local data for encoding-sniffer@https://registry.npmjs.org/encoding-sniffer/-/encoding-sniffer-0.2.1.tgz. Extracting by manifest.
101 silly tarball no local data for entities@https://registry.npmjs.org/entities/-/entities-4.5.0.tgz. Extracting by manifest.
102 silly tarball no local data for dunder-proto@https://registry.npmjs.org/dunder-proto/-/dunder-proto-1.0.1.tgz. Extracting by manifest.
103 silly tarball no local data for destroy@https://registry.npmjs.org/destroy/-/destroy-1.2.0.tgz. Extracting by manifest.
104 silly tarball no local data for ee-first@https://registry.npmjs.org/ee-first/-/ee-first-1.1.1.tgz. Extracting by manifest.
105 silly tarball no local data for domhandler@https://registry.npmjs.org/domhandler/-/domhandler-5.0.3.tgz. Extracting by manifest.
106 silly tarball no local data for domelementtype@https://registry.npmjs.org/domelementtype/-/domelementtype-2.3.0.tgz. Extracting by manifest.
107 silly tarball no local data for depd@https://registry.npmjs.org/depd/-/depd-2.0.0.tgz. Extracting by manifest.
108 silly tarball no local data for delayed-stream@https://registry.npmjs.org/delayed-stream/-/delayed-stream-1.0.0.tgz. Extracting by manifest.
109 silly tarball no local data for dom-serializer@https://registry.npmjs.org/dom-serializer/-/dom-serializer-2.0.0.tgz. Extracting by manifest.
110 silly tarball no local data for css-select@https://registry.npmjs.org/css-select/-/css-select-5.2.2.tgz. Extracting by manifest.
111 silly tarball no local data for cors@https://registry.npmjs.org/cors/-/cors-2.8.5.tgz. Extracting by manifest.
112 silly tarball no local data for cookie-signature@https://registry.npmjs.org/cookie-signature/-/cookie-signature-1.0.7.tgz. Extracting by manifest.
113 silly tarball no local data for debug@https://registry.npmjs.org/debug/-/debug-2.6.9.tgz. Extracting by manifest.
114 silly tarball no local data for css-what@https://registry.npmjs.org/css-what/-/css-what-6.2.2.tgz. Extracting by manifest.
115 silly tarball no local data for content-type@https://registry.npmjs.org/content-type/-/content-type-1.0.5.tgz. Extracting by manifest.
116 silly tarball no local data for cookie@https://registry.npmjs.org/cookie/-/cookie-0.7.2.tgz. Extracting by manifest.
117 silly tarball no local data for content-disposition@https://registry.npmjs.org/content-disposition/-/content-disposition-0.5.4.tgz. Extracting by manifest.
118 silly tarball no local data for combined-stream@https://registry.npmjs.org/combined-stream/-/combined-stream-1.0.8.tgz. Extracting by manifest.
119 silly tarball no local data for bytes@https://registry.npmjs.org/bytes/-/bytes-3.1.2.tgz. Extracting by manifest.
120 silly tarball no local data for cheerio-select@https://registry.npmjs.org/cheerio-select/-/cheerio-select-2.1.0.tgz. Extracting by manifest.
121 silly tarball no local data for call-bound@https://registry.npmjs.org/call-bound/-/call-bound-1.0.4.tgz. Extracting by manifest.
122 silly tarball no local data for call-bind-apply-helpers@https://registry.npmjs.org/call-bind-apply-helpers/-/call-bind-apply-helpers-1.0.2.tgz. Extracting by manifest.
123 silly tarball no local data for body-parser@https://registry.npmjs.org/body-parser/-/body-parser-1.20.4.tgz. Extracting by manifest.
124 silly tarball no local data for boolbase@https://registry.npmjs.org/boolbase/-/boolbase-1.0.0.tgz. Extracting by manifest.
125 http fetch POST 200 https://registry.npmjs.org/-/npm/v1/security/advisories/bulk 429ms
126 silly audit report {}
127 silly tarball no local data for asynckit@https://registry.npmjs.org/asynckit/-/asynckit-0.4.0.tgz. Extracting by manifest.
128 silly tarball no local data for entities@https://registry.npmjs.org/entities/-/entities-6.0.1.tgz. Extracting by manifest.
129 silly tarball no local data for array-flatten@https://registry.npmjs.org/array-flatten/-/array-flatten-1.1.1.tgz. Extracting by manifest.
130 silly tarball no local data for ms@https://registry.npmjs.org/ms/-/ms-2.1.3.tgz. Extracting by manifest.
131 silly tarball no local data for iconv-lite@https://registry.npmjs.org/iconv-lite/-/iconv-lite-0.4.24.tgz. Extracting by manifest.
132 silly tarball no local data for iconv-lite@https://registry.npmjs.org/iconv-lite/-/iconv-lite-0.4.24.tgz. Extracting by manifest.
133 silly tarball no local data for accepts@https://registry.npmjs.org/accepts/-/accepts-1.3.8.tgz. Extracting by manifest.
134 silly tarball no local data for entities@https://registry.npmjs.org/entities/-/entities-6.0.1.tgz. Extracting by manifest.
135 http fetch GET 200 https://registry.npmjs.org/side-channel/-/side-channel-1.1.0.tgz 1808ms (cache miss)
136 http fetch GET 200 https://registry.npmjs.org/unpipe/-/unpipe-1.0.0.tgz 2582ms (cache miss)
137 http fetch GET 200 https://registry.npmjs.org/utils-merge/-/utils-merge-1.0.1.tgz 2620ms (cache miss)
138 http fetch GET 200 https://registry.npmjs.org/vary/-/vary-1.1.2.tgz 2716ms (cache miss)
139 http fetch GET 200 https://registry.npmjs.org/setprototypeof/-/setprototypeof-1.2.0.tgz 2702ms (cache miss)
140 http fetch GET 200 https://registry.npmjs.org/whatwg-encoding/-/whatwg-encoding-3.1.1.tgz 2744ms (cache miss)
141 warn deprecated whatwg-encoding@3.1.1: Use @exodus/bytes instead for a more spec-conformant and faster implementation
142 http fetch GET 200 https://registry.npmjs.org/proxy-from-env/-/proxy-from-env-1.1.0.tgz 2741ms (cache miss)
143 http fetch GET 200 https://registry.npmjs.org/side-channel-list/-/side-channel-list-1.0.0.tgz 2757ms (cache miss)
144 http fetch GET 200 https://registry.npmjs.org/path-to-regexp/-/path-to-regexp-0.1.12.tgz 2722ms (cache miss)
145 http fetch GET 200 https://registry.npmjs.org/proxy-addr/-/proxy-addr-2.0.7.tgz 2776ms (cache miss)
146 http fetch GET 200 https://registry.npmjs.org/toidentifier/-/toidentifier-1.0.1.tgz 2863ms (cache miss)
147 http fetch GET 200 https://registry.npmjs.org/math-intrinsics/-/math-intrinsics-1.1.0.tgz 2806ms (cache miss)
148 http fetch GET 200 https://registry.npmjs.org/merge-descriptors/-/merge-descriptors-1.0.3.tgz 2849ms (cache miss)
149 http fetch GET 200 https://registry.npmjs.org/negotiator/-/negotiator-0.6.3.tgz 2864ms (cache miss)
150 http fetch GET 200 https://registry.npmjs.org/es-set-tostringtag/-/es-set-tostringtag-2.1.0.tgz 2793ms (cache miss)
151 http fetch GET 200 https://registry.npmjs.org/type-is/-/type-is-1.6.18.tgz 2933ms (cache miss)
152 http fetch GET 200 https://registry.npmjs.org/side-channel-weakmap/-/side-channel-weakmap-1.0.2.tgz 2933ms (cache miss)
153 http fetch GET 200 https://registry.npmjs.org/bytes/-/bytes-3.1.2.tgz 2730ms (cache miss)
154 http fetch GET 200 https://registry.npmjs.org/object-assign/-/object-assign-4.1.1.tgz 2924ms (cache miss)
155 http fetch GET 200 https://registry.npmjs.org/function-bind/-/function-bind-1.1.2.tgz 2874ms (cache miss)
156 http fetch GET 200 https://registry.npmjs.org/inherits/-/inherits-2.0.4.tgz 2906ms (cache miss)
157 http fetch GET 200 https://registry.npmjs.org/fresh/-/fresh-0.5.2.tgz 2886ms (cache miss)
158 http fetch GET 200 https://registry.npmjs.org/methods/-/methods-1.1.2.tgz 2920ms (cache miss)
159 http fetch GET 200 https://registry.npmjs.org/side-channel-map/-/side-channel-map-1.0.1.tgz 2993ms (cache miss)
160 http fetch GET 200 https://registry.npmjs.org/ipaddr.js/-/ipaddr.js-1.9.1.tgz 2921ms (cache miss)
161 http fetch GET 200 https://registry.npmjs.org/escape-html/-/escape-html-1.0.3.tgz 2886ms (cache miss)
162 http fetch GET 200 https://registry.npmjs.org/on-finished/-/on-finished-2.4.1.tgz 2960ms (cache miss)
163 http fetch GET 200 https://registry.npmjs.org/hasown/-/hasown-2.0.2.tgz 2931ms (cache miss)
164 http fetch GET 200 https://registry.npmjs.org/es-define-property/-/es-define-property-1.0.1.tgz 2848ms (cache miss)
165 http fetch GET 200 https://registry.npmjs.org/statuses/-/statuses-2.0.2.tgz 3020ms (cache miss)
166 http fetch GET 200 https://registry.npmjs.org/forwarded/-/forwarded-0.2.0.tgz 2922ms (cache miss)
167 http fetch GET 200 https://registry.npmjs.org/delayed-stream/-/delayed-stream-1.0.0.tgz 2824ms (cache miss)
168 http fetch GET 200 https://registry.npmjs.org/ee-first/-/ee-first-1.1.1.tgz 2835ms (cache miss)
169 http fetch GET 200 https://registry.npmjs.org/cors/-/cors-2.8.5.tgz 2827ms (cache miss)
170 http fetch GET 200 https://registry.npmjs.org/encodeurl/-/encodeurl-2.0.0.tgz 2854ms (cache miss)
171 http fetch GET 200 https://registry.npmjs.org/range-parser/-/range-parser-1.2.1.tgz 3026ms (cache miss)
172 http fetch GET 200 https://registry.npmjs.org/depd/-/depd-2.0.0.tgz 2837ms (cache miss)
173 http fetch GET 200 https://registry.npmjs.org/parse5-htmlparser2-tree-adapter/-/parse5-htmlparser2-tree-adapter-7.1.0.tgz 3028ms (cache miss)
174 http fetch GET 200 https://registry.npmjs.org/call-bind-apply-helpers/-/call-bind-apply-helpers-1.0.2.tgz 2811ms (cache miss)
175 http fetch GET 200 https://registry.npmjs.org/boolbase/-/boolbase-1.0.0.tgz 2807ms (cache miss)
176 http fetch GET 200 https://registry.npmjs.org/ms/-/ms-2.1.3.tgz 2796ms (cache miss)
177 http fetch GET 200 https://registry.npmjs.org/ms/-/ms-2.0.0.tgz 3002ms (cache miss)
178 http fetch GET 200 https://registry.npmjs.org/parseurl/-/parseurl-1.3.3.tgz 3015ms (cache miss)
179 http fetch GET 200 https://registry.npmjs.org/follow-redirects/-/follow-redirects-1.15.11.tgz 2960ms (cache miss)
180 http fetch GET 200 https://registry.npmjs.org/finalhandler/-/finalhandler-1.3.2.tgz 2963ms (cache miss)
181 http fetch GET 200 https://registry.npmjs.org/gopd/-/gopd-1.2.0.tgz 2996ms (cache miss)
182 http fetch GET 200 https://registry.npmjs.org/cookie-signature/-/cookie-signature-1.0.7.tgz 2892ms (cache miss)
183 http fetch GET 200 https://registry.npmjs.org/parse5-parser-stream/-/parse5-parser-stream-7.1.2.tgz 3081ms (cache miss)
184 http fetch GET 200 https://registry.npmjs.org/combined-stream/-/combined-stream-1.0.8.tgz 2887ms (cache miss)
185 http fetch GET 200 https://registry.npmjs.org/call-bound/-/call-bound-1.0.4.tgz 2881ms (cache miss)
186 http fetch GET 200 https://registry.npmjs.org/array-flatten/-/array-flatten-1.1.1.tgz 2866ms (cache miss)
187 http fetch GET 200 https://registry.npmjs.org/accepts/-/accepts-1.3.8.tgz 2825ms (cache miss)
188 http fetch GET 200 https://registry.npmjs.org/content-disposition/-/content-disposition-0.5.4.tgz 2909ms (cache miss)
189 http fetch GET 200 https://registry.npmjs.org/etag/-/etag-1.8.1.tgz 3014ms (cache miss)
190 http fetch GET 200 https://registry.npmjs.org/media-typer/-/media-typer-0.3.0.tgz 3074ms (cache miss)
191 http fetch GET 200 https://registry.npmjs.org/raw-body/-/raw-body-2.5.3.tgz 3138ms (cache miss)
192 http fetch GET 200 https://registry.npmjs.org/destroy/-/destroy-1.2.0.tgz 2961ms (cache miss)
193 http fetch GET 200 https://registry.npmjs.org/domelementtype/-/domelementtype-2.3.0.tgz 2961ms (cache miss)
194 http fetch GET 200 https://registry.npmjs.org/get-intrinsic/-/get-intrinsic-1.3.0.tgz 3103ms (cache miss)
195 http fetch GET 200 https://registry.npmjs.org/get-proto/-/get-proto-1.0.1.tgz 3105ms (cache miss)
196 http fetch GET 200 https://registry.npmjs.org/mime-types/-/mime-types-2.1.35.tgz 3149ms (cache miss)
197 http fetch GET 200 https://registry.npmjs.org/content-type/-/content-type-1.0.5.tgz 2993ms (cache miss)
198 http fetch GET 200 https://registry.npmjs.org/http-errors/-/http-errors-2.0.1.tgz 3165ms (cache miss)
199 http fetch GET 200 https://registry.npmjs.org/es-object-atoms/-/es-object-atoms-1.1.1.tgz 3141ms (cache miss)
200 http fetch GET 200 https://registry.npmjs.org/safer-buffer/-/safer-buffer-2.1.2.tgz 3245ms (cache miss)
201 http fetch GET 200 https://registry.npmjs.org/safe-buffer/-/safe-buffer-5.2.1.tgz 3239ms (cache miss)
202 http fetch GET 200 https://registry.npmjs.org/has-tostringtag/-/has-tostringtag-1.0.2.tgz 3173ms (cache miss)
203 http fetch GET 200 https://registry.npmjs.org/cookie/-/cookie-0.7.2.tgz 3049ms (cache miss)
204 http fetch GET 200 https://registry.npmjs.org/whatwg-mimetype/-/whatwg-mimetype-4.0.0.tgz 3319ms (cache miss)
205 http fetch GET 200 https://registry.npmjs.org/serve-static/-/serve-static-1.16.3.tgz 3327ms (cache miss)
206 http fetch GET 200 https://registry.npmjs.org/dom-serializer/-/dom-serializer-2.0.0.tgz 3143ms (cache miss)
207 http fetch GET 200 https://registry.npmjs.org/send/-/send-0.19.2.tgz 3434ms (cache miss)
208 http fetch GET 200 https://registry.npmjs.org/dunder-proto/-/dunder-proto-1.0.1.tgz 3381ms (cache miss)
209 http fetch GET 200 https://registry.npmjs.org/es-errors/-/es-errors-1.3.0.tgz 3506ms (cache miss)
210 http fetch GET 200 https://registry.npmjs.org/asynckit/-/asynckit-0.4.0.tgz 3407ms (cache miss)
211 http fetch GET 200 https://registry.npmjs.org/debug/-/debug-2.6.9.tgz 3528ms (cache miss)
212 http fetch GET 200 https://registry.npmjs.org/express/-/express-4.22.1.tgz 3800ms (cache miss)
213 http fetch GET 200 https://registry.npmjs.org/mime/-/mime-1.6.0.tgz 3724ms (cache miss)
214 http fetch GET 200 https://registry.npmjs.org/cheerio-select/-/cheerio-select-2.1.0.tgz 3575ms (cache miss)
215 http fetch GET 200 https://registry.npmjs.org/nth-check/-/nth-check-2.1.1.tgz 3816ms (cache miss)
216 http fetch GET 200 https://registry.npmjs.org/css-what/-/css-what-6.2.2.tgz 3640ms (cache miss)
217 http fetch GET 200 https://registry.npmjs.org/mime-db/-/mime-db-1.52.0.tgz 3807ms (cache miss)
218 http fetch GET 200 https://registry.npmjs.org/has-symbols/-/has-symbols-1.1.0.tgz 3799ms (cache miss)
219 http fetch GET 200 https://registry.npmjs.org/form-data/-/form-data-4.0.5.tgz 3831ms (cache miss)
220 http fetch GET 200 https://registry.npmjs.org/body-parser/-/body-parser-1.20.4.tgz 3719ms (cache miss)
221 http fetch GET 200 https://registry.npmjs.org/domhandler/-/domhandler-5.0.3.tgz 3834ms (cache miss)
222 http fetch GET 200 https://registry.npmjs.org/object-inspect/-/object-inspect-1.13.4.tgz 4065ms (cache miss)
223 http fetch GET 200 https://registry.npmjs.org/encoding-sniffer/-/encoding-sniffer-0.2.1.tgz 4101ms (cache miss)
224 http fetch GET 200 https://registry.npmjs.org/qs/-/qs-6.14.0.tgz 4335ms (cache miss)
225 http fetch GET 200 https://registry.npmjs.org/iconv-lite/-/iconv-lite-0.4.24.tgz 4094ms (cache miss)
226 http fetch GET 200 https://registry.npmjs.org/iconv-lite/-/iconv-lite-0.6.3.tgz 4479ms (cache miss)
227 http fetch GET 200 https://registry.npmjs.org/domutils/-/domutils-3.2.2.tgz 4422ms (cache miss)
228 http fetch GET 200 https://registry.npmjs.org/iconv-lite/-/iconv-lite-0.4.24.tgz 4401ms (cache miss)
229 http fetch GET 200 https://registry.npmjs.org/entities/-/entities-4.5.0.tgz 4885ms (cache miss)
230 http fetch GET 200 https://registry.npmjs.org/htmlparser2/-/htmlparser2-10.0.0.tgz 5021ms (cache miss)
231 http fetch GET 200 https://registry.npmjs.org/entities/-/entities-6.0.1.tgz 4992ms (cache miss)
232 http fetch GET 200 https://registry.npmjs.org/entities/-/entities-6.0.1.tgz 5050ms (cache miss)
233 http fetch GET 200 https://registry.npmjs.org/css-select/-/css-select-5.2.2.tgz 5122ms (cache miss)
234 http fetch GET 200 https://registry.npmjs.org/parse5/-/parse5-7.3.0.tgz 5403ms (cache miss)
235 http fetch GET 200 https://registry.npmjs.org/axios/-/axios-1.13.2.tgz 5849ms (cache miss)
236 http fetch GET 200 https://registry.npmjs.org/cheerio/-/cheerio-1.1.2.tgz 6246ms (cache miss)
237 http fetch GET 200 https://registry.npmjs.org/undici/-/undici-7.16.0.tgz 6369ms (cache miss)
238 silly ADD node_modules/express
239 silly ADD node_modules/cheerio
240 silly ADD node_modules/axios
241 silly ADD node_modules/whatwg-mimetype
242 silly ADD node_modules/whatwg-encoding
243 silly ADD node_modules/vary
244 silly ADD node_modules/utils-merge
245 silly ADD node_modules/unpipe
246 silly ADD node_modules/undici
247 silly ADD node_modules/type-is
248 silly ADD node_modules/toidentifier
249 silly ADD node_modules/statuses
250 silly ADD node_modules/side-channel-weakmap
251 silly ADD node_modules/side-channel-map
252 silly ADD node_modules/side-channel-list
253 silly ADD node_modules/side-channel
254 silly ADD node_modules/setprototypeof
255 silly ADD node_modules/serve-static
256 silly ADD node_modules/send
257 silly ADD node_modules/send/node_modules/ms
258 silly ADD node_modules/safer-buffer
259 silly ADD node_modules/safe-buffer
260 silly ADD node_modules/raw-body
261 silly ADD node_modules/raw-body/node_modules/iconv-lite
262 silly ADD node_modules/range-parser
263 silly ADD node_modules/qs
264 silly ADD node_modules/proxy-from-env
265 silly ADD node_modules/proxy-addr
266 silly ADD node_modules/path-to-regexp
267 silly ADD node_modules/parseurl
268 silly ADD node_modules/parse5-parser-stream
269 silly ADD node_modules/parse5-htmlparser2-tree-adapter
270 silly ADD node_modules/parse5
271 silly ADD node_modules/parse5/node_modules/entities
272 silly ADD node_modules/on-finished
273 silly ADD node_modules/object-inspect
274 silly ADD node_modules/object-assign
275 silly ADD node_modules/nth-check
276 silly ADD node_modules/negotiator
277 silly ADD node_modules/ms
278 silly ADD node_modules/mime-types
279 silly ADD node_modules/mime-db
280 silly ADD node_modules/mime
281 silly ADD node_modules/methods
282 silly ADD node_modules/merge-descriptors
283 silly ADD node_modules/media-typer
284 silly ADD node_modules/math-intrinsics
285 silly ADD node_modules/ipaddr.js
286 silly ADD node_modules/inherits
287 silly ADD node_modules/iconv-lite
288 silly ADD node_modules/http-errors
289 silly ADD node_modules/htmlparser2
290 silly ADD node_modules/htmlparser2/node_modules/entities
291 silly ADD node_modules/hasown
292 silly ADD node_modules/has-tostringtag
293 silly ADD node_modules/has-symbols
294 silly ADD node_modules/gopd
295 silly ADD node_modules/get-proto
296 silly ADD node_modules/get-intrinsic
297 silly ADD node_modules/function-bind
298 silly ADD node_modules/fresh
299 silly ADD node_modules/forwarded
300 silly ADD node_modules/form-data
301 silly ADD node_modules/follow-redirects
302 silly ADD node_modules/finalhandler
303 silly ADD node_modules/etag
304 silly ADD node_modules/escape-html
305 silly ADD node_modules/es-set-tostringtag
306 silly ADD node_modules/es-object-atoms
307 silly ADD node_modules/es-errors
308 silly ADD node_modules/es-define-property
309 silly ADD node_modules/entities
310 silly ADD node_modules/encoding-sniffer
311 silly ADD node_modules/encodeurl
312 silly ADD node_modules/ee-first
313 silly ADD node_modules/dunder-proto
314 silly ADD node_modules/domutils
315 silly ADD node_modules/domhandler
316 silly ADD node_modules/domelementtype
317 silly ADD node_modules/dom-serializer
318 silly ADD node_modules/destroy
319 silly ADD node_modules/depd
320 silly ADD node_modules/delayed-stream
321 silly ADD node_modules/debug
322 silly ADD node_modules/css-what
323 silly ADD node_modules/css-select
324 silly ADD node_modules/cors
325 silly ADD node_modules/cookie-signature
326 silly ADD node_modules/cookie
327 silly ADD node_modules/content-type
328 silly ADD node_modules/content-disposition
329 silly ADD node_modules/combined-stream
330 silly ADD node_modules/cheerio-select
331 silly ADD node_modules/call-bound
332 silly ADD node_modules/call-bind-apply-helpers
333 silly ADD node_modules/bytes
334 silly ADD node_modules/boolbase
335 silly ADD node_modules/body-parser
336 silly ADD node_modules/body-parser/node_modules/iconv-lite
337 silly ADD node_modules/asynckit
338 silly ADD node_modules/array-flatten
339 silly ADD node_modules/accepts
340 verbose cwd /workspace/anime-api
341 verbose os Linux 5.10.134-18.al8.x86_64
342 verbose node v20.19.6
343 verbose npm  v10.8.2
344 verbose exit 0
345 info ok
